[    0.000000] Linux version 4.15.0-88-generic (buildd@lgw01-amd64-036) (gcc version 7.4.0 (Ubuntu 7.4.0-1ubuntu1~18.04.1)) #88-Ubuntu SMP Tue Feb 11 20:11:34 UTC 2020 (Ubuntu 4.15.0-88.88-generic 4.15.18)
[    0.000000] Command line: BOOT_IMAGE=/boot/vmlinuz-4.15.0-88-generic root=LABEL=cloudimg-rootfs ro console=tty1 console=ttyS0
[    0.000000] KERNEL supported cpus:
[    0.000000]   Intel GenuineIntel
[    0.000000]   AMD AuthenticAMD
[    0.000000]   Centaur CentaurHauls
[    0.000000] x86/fpu: Supporting XSAVE feature 0x001: 'x87 floating point registers'
[    0.000000] x86/fpu: Supporting XSAVE feature 0x002: 'SSE registers'
[    0.000000] x86/fpu: Supporting XSAVE feature 0x004: 'AVX registers'
[    0.000000] x86/fpu: xstate_offset[2]:  576, xstate_sizes[2]:  256
[    0.000000] x86/fpu: Enabled xstate features 0x7, context size is 832 bytes, using 'standard' format.
[    0.000000] e820: BIOS-provided physical RAM map:
[    0.000000] BIOS-e820: [mem 0x0000000000000000-0x000000000009fbff] usable
[    0.000000] BIOS-e820: [mem 0x000000000009fc00-0x000000000009ffff] reserved
[    0.000000] BIOS-e820: [mem 0x00000000000f0000-0x00000000000fffff] reserved
[    0.000000] BIOS-e820: [mem 0x0000000000100000-0x000000003ffeffff] usable
[    0.000000] BIOS-e820: [mem 0x000000003fff0000-0x000000003fffffff] ACPI data
[    0.000000] BIOS-e820: [mem 0x00000000fec00000-0x00000000fec00fff] reserved
[    0.000000] BIOS-e820: [mem 0x00000000fee00000-0x00000000fee00fff] reserved
[    0.000000] BIOS-e820: [mem 0x00000000fffc0000-0x00000000ffffffff] reserved
[    0.000000] NX (Execute Disable) protection: active
[    0.000000] SMBIOS 2.5 present.
[    0.000000] DMI: innotek GmbH VirtualBox/VirtualBox, BIOS VirtualBox 12/01/2006
[    0.000000] Hypervisor detected: KVM
[    0.000000] e820: last_pfn = 0x3fff0 max_arch_pfn = 0x400000000
[    0.000000] MTRR: Disabled
[    0.000000] x86/PAT: MTRRs disabled, skipping PAT initialization too.
[    0.000000] CPU MTRRs all blank - virtualized system.
[    0.000000] x86/PAT: Configuration [0-7]: WB  WT  UC- UC  WB  WT  UC- UC  
[    0.000000] found SMP MP-table at [mem 0x0009fff0-0x0009ffff]
[    0.000000] Scanning 1 areas for low memory corruption
[    0.000000] RAMDISK: [mem 0x35a6f000-0x36d2efff]
[    0.000000] ACPI: Early table checksum verification disabled
[    0.000000] ACPI: RSDP 0x00000000000E0000 000024 (v02 VBOX  )
[    0.000000] ACPI: XSDT 0x000000003FFF0030 00003C (v01 VBOX   VBOXXSDT 00000001 ASL  00000061)
[    0.000000] ACPI: FACP 0x000000003FFF00F0 0000F4 (v04 VBOX   VBOXFACP 00000001 ASL  00000061)
[    0.000000] ACPI: DSDT 0x000000003FFF0470 0022EA (v02 VBOX   VBOXBIOS 00000002 INTL 20100528)
[    0.000000] ACPI: FACS 0x000000003FFF0200 000040
[    0.000000] ACPI: FACS 0x000000003FFF0200 000040
[    0.000000] ACPI: APIC 0x000000003FFF0240 00005C (v02 VBOX   VBOXAPIC 00000001 ASL  00000061)
[    0.000000] ACPI: SSDT 0x000000003FFF02A0 0001CC (v01 VBOX   VBOXCPUT 00000002 INTL 20100528)
[    0.000000] No NUMA configuration found
[    0.000000] Faking a node at [mem 0x0000000000000000-0x000000003ffeffff]
[    0.000000] NODE_DATA(0) allocated [mem 0x3ffc5000-0x3ffeffff]
[    0.000000] kvm-clock: cpu 0, msr 0:3ff44001, primary cpu clock
[    0.000000] kvm-clock: Using msrs 4b564d01 and 4b564d00
[    0.000000] kvm-clock: using sched offset of 4777682151 cycles
[    0.000000] clocksource: kvm-clock: mask: 0xffffffffffffffff max_cycles: 0x1cd42e4dffb, max_idle_ns: 881590591483 ns
[    0.000000] Zone ranges:
[    0.000000]   DMA      [mem 0x0000000000001000-0x0000000000ffffff]
[    0.000000]   DMA32    [mem 0x0000000001000000-0x000000003ffeffff]
[    0.000000]   Normal   empty
[    0.000000]   Device   empty
[    0.000000] Movable zone start for each node
[    0.000000] Early memory node ranges
[    0.000000]   node   0: [mem 0x0000000000001000-0x000000000009efff]
[    0.000000]   node   0: [mem 0x0000000000100000-0x000000003ffeffff]
[    0.000000] Reserved but unavailable: 98 pages
[    0.000000] Initmem setup node 0 [mem 0x0000000000001000-0x000000003ffeffff]
[    0.000000] ACPI: PM-Timer IO Port: 0x4008
[    0.000000] IOAPIC[0]: apic_id 2, version 32, address 0xfec00000, GSI 0-23
[    0.000000] ACPI: INT_SRC_OVR (bus 0 bus_irq 0 global_irq 2 dfl dfl)
[    0.000000] ACPI: INT_SRC_OVR (bus 0 bus_irq 9 global_irq 9 low level)
[    0.000000] Using ACPI (MADT) for SMP configuration information
[    0.000000] smpboot: Allowing 2 CPUs, 0 hotplug CPUs
[    0.000000] PM: Registered nosave memory: [mem 0x00000000-0x00000fff]
[    0.000000] PM: Registered nosave memory: [mem 0x0009f000-0x0009ffff]
[    0.000000] PM: Registered nosave memory: [mem 0x000a0000-0x000effff]
[    0.000000] PM: Registered nosave memory: [mem 0x000f0000-0x000fffff]
[    0.000000] e820: [mem 0x40000000-0xfebfffff] available for PCI devices
[    0.000000] Booting paravirtualized kernel on KVM
[    0.000000] clocksource: refined-jiffies: mask: 0xffffffff max_cycles: 0xffffffff, max_idle_ns: 7645519600211568 ns
[    0.000000] random: get_random_bytes called from start_kernel+0x99/0x4fd with crng_init=0
[    0.000000] setup_percpu: NR_CPUS:8192 nr_cpumask_bits:2 nr_cpu_ids:2 nr_node_ids:1
[    0.000000] percpu: Embedded 45 pages/cpu s147456 r8192 d28672 u1048576
[    0.000000] PV qspinlock hash table entries: 256 (order: 0, 4096 bytes)
[    0.000000] Built 1 zonelists, mobility grouping on.  Total pages: 257913
[    0.000000] Policy zone: DMA32
[    0.000000] Kernel command line: BOOT_IMAGE=/boot/vmlinuz-4.15.0-88-generic root=LABEL=cloudimg-rootfs ro console=tty1 console=ttyS0
[    0.000000] Memory: 983072K/1048120K available (12300K kernel code, 2481K rwdata, 4264K rodata, 2428K init, 2712K bss, 65048K reserved, 0K cma-reserved)
[    0.000000] SLUB: HWalign=64, Order=0-3, MinObjects=0, CPUs=2, Nodes=1
[    0.000000] Kernel/User page tables isolation: enabled
[    0.000000] ftrace: allocating 39344 entries in 154 pages
[    0.004000] Hierarchical RCU implementation.
[    0.004000] 	RCU restricting CPUs from NR_CPUS=8192 to nr_cpu_ids=2.
[    0.004000] 	Tasks RCU enabled.
[    0.004000] RCU: Adjusting geometry for rcu_fanout_leaf=16, nr_cpu_ids=2
[    0.004000] NR_IRQS: 524544, nr_irqs: 440, preallocated irqs: 16
[    0.004000] Console: colour VGA+ 80x25
[    0.004000] console [tty1] enabled
[    0.004000] console [ttyS0] enabled
[    0.004000] ACPI: Core revision 20170831
[    0.004000] ACPI: 2 ACPI AML tables successfully acquired and loaded
[    0.004000] APIC: Switch to symmetric I/O mode setup
[    0.004000] x2apic enabled
[    0.004000] Switched APIC routing to physical x2apic.
[    0.008000] ..TIMER: vector=0x30 apic1=0 pin1=2 apic2=-1 pin2=-1
[    0.008004] tsc: Detected 3100.010 MHz processor
[    0.010007] Calibrating delay loop (skipped) preset value.. 6200.02 BogoMIPS (lpj=12400040)
[    0.012006] pid_max: default: 32768 minimum: 301
[    0.013793] Security Framework initialized
[    0.016005] Yama: becoming mindful.
[    0.017404] AppArmor: AppArmor initialized
[    0.021522] Dentry cache hash table entries: 131072 (order: 8, 1048576 bytes)
[    0.024121] Inode-cache hash table entries: 65536 (order: 7, 524288 bytes)
[    0.026519] Mount-cache hash table entries: 2048 (order: 2, 16384 bytes)
[    0.028012] Mountpoint-cache hash table entries: 2048 (order: 2, 16384 bytes)
[    0.032589] Last level iTLB entries: 4KB 1024, 2MB 1024, 4MB 1024
[    0.034752] Last level dTLB entries: 4KB 1024, 2MB 1024, 4MB 1024, 1GB 4
[    0.036005] Spectre V1 : Mitigation: usercopy/swapgs barriers and __user pointer sanitization
[    0.040005] Spectre V2 : Mitigation: Full generic retpoline
[    0.042141] Spectre V2 : Spectre v2 / SpectreRSB mitigation: Filling RSB on context switch
[    0.044004] Speculative Store Bypass: Vulnerable
[    0.045843] MDS: Vulnerable: Clear CPU buffers attempted, no microcode
[    0.052027] Freeing SMP alternatives memory: 36K
[    0.164098] smpboot: CPU0: Intel(R) Core(TM) i5-4440 CPU @ 3.10GHz (family: 0x6, model: 0x3c, stepping: 0x3)
[    0.167944] Performance Events: unsupported p6 CPU model 60 no PMU driver, software events only.
[    0.168061] Hierarchical SRCU implementation.
[    0.172865] NMI watchdog: Perf event create on CPU 0 failed with -2
[    0.175202] NMI watchdog: Perf NMI watchdog permanently disabled
[    0.176086] smp: Bringing up secondary CPUs ...
[    0.180172] x86: Booting SMP configuration:
[    0.181718] .... node  #0, CPUs:      #1
[    0.004000] kvm-clock: cpu 1, msr 0:3ff44041, secondary cpu clock
[    0.187094] smp: Brought up 1 node, 2 CPUs
[    0.188007] smpboot: Max logical packages: 1
[    0.189820] smpboot: Total of 2 processors activated (12400.04 BogoMIPS)
[    0.192206] devtmpfs: initialized
[    0.193507] x86/mm: Memory block size: 128MB
[    0.196476] evm: security.selinux
[    0.197882] evm: security.SMACK64
[    0.199255] evm: security.SMACK64EXEC
[    0.200004] evm: security.SMACK64TRANSMUTE
[    0.201626] evm: security.SMACK64MMAP
[    0.204003] evm: security.apparmor
[    0.205316] evm: security.ima
[    0.206493] evm: security.capability
[    0.208245] clocksource: jiffies: mask: 0xffffffff max_cycles: 0xffffffff, max_idle_ns: 7645041785100000 ns
[    0.212013] futex hash table entries: 512 (order: 3, 32768 bytes)
[    0.215477] pinctrl core: initialized pinctrl subsystem
[    0.216222] RTC time: 18:05:36, date: 02/23/20
[    0.220094] NET: Registered protocol family 16
[    0.222067] audit: initializing netlink subsys (disabled)
[    0.224032] audit: type=2000 audit(1582481142.454:1): state=initialized audit_enabled=0 res=1
[    0.227251] cpuidle: using governor ladder
[    0.228011] cpuidle: using governor menu
[    0.229911] ACPI: bus type PCI registered
[    0.231531] acpiphp: ACPI Hot Plug PCI Controller Driver version: 0.5
[    0.232210] PCI: Using configuration type 1 for base access
[    0.240928] HugeTLB registered 2.00 MiB page size, pre-allocated 0 pages
[    0.244174] ACPI: Added _OSI(Module Device)
[    0.245832] ACPI: Added _OSI(Processor Device)
[    0.248011] ACPI: Added _OSI(3.0 _SCP Extensions)
[    0.249855] ACPI: Added _OSI(Processor Aggregator Device)
[    0.252013] ACPI: Added _OSI(Linux-Dell-Video)
[    0.253686] ACPI: Added _OSI(Linux-Lenovo-NV-HDMI-Audio)
[    0.255559] ACPI: Added _OSI(Linux-HPI-Hybrid-Graphics)
[    0.256570] ACPI: Executed 1 blocks of module-level executable AML code
[    0.274329] ACPI: Interpreter enabled
[    0.275826] ACPI: (supports S0 S5)
[    0.276004] ACPI: Using IOAPIC for interrupt routing
[    0.280024] PCI: Using host bridge windows from ACPI; if necessary, use "pci=nocrs" and report a bug
[    0.283956] ACPI: Enabled 2 GPEs in block 00 to 07
[    0.306553] ACPI: PCI Root Bridge [PCI0] (domain 0000 [bus 00-ff])
[    0.308012] acpi PNP0A03:00: _OSC: OS supports [ASPM ClockPM Segments MSI]
[    0.313530] acpi PNP0A03:00: _OSC: not requesting OS control; OS requires [ExtendedConfig ASPM ClockPM MSI]
[    0.316029] acpi PNP0A03:00: fail to add MMCONFIG information, can't access extended PCI configuration space under this bridge.
[    0.320893] PCI host bridge to bus 0000:00
[    0.324007] pci_bus 0000:00: root bus resource [io  0x0000-0x0cf7 window]
[    0.326502] pci_bus 0000:00: root bus resource [io  0x0d00-0xffff window]
[    0.328007] pci_bus 0000:00: root bus resource [mem 0x000a0000-0x000bffff window]
[    0.332007] pci_bus 0000:00: root bus resource [mem 0x40000000-0xfdffffff window]
[    0.334710] pci_bus 0000:00: root bus resource [bus 00-ff]
[    0.341716] pci 0000:00:01.1: legacy IDE quirk: reg 0x10: [io  0x01f0-0x01f7]
[    0.344005] pci 0000:00:01.1: legacy IDE quirk: reg 0x14: [io  0x03f6]
[    0.346340] pci 0000:00:01.1: legacy IDE quirk: reg 0x18: [io  0x0170-0x0177]
[    0.348005] pci 0000:00:01.1: legacy IDE quirk: reg 0x1c: [io  0x0376]
[    0.373750] pci 0000:00:07.0: quirk: [io  0x4000-0x403f] claimed by PIIX4 ACPI
[    0.376025] pci 0000:00:07.0: quirk: [io  0x4100-0x410f] claimed by PIIX4 SMB
[    0.396000] ACPI: PCI Interrupt Link [LNKA] (IRQs 5 9 10 *11)
[    0.397173] ACPI: PCI Interrupt Link [LNKB] (IRQs 5 9 *10 11)
[    0.400368] ACPI: PCI Interrupt Link [LNKC] (IRQs 5 *9 10 11)
[    0.404342] ACPI: PCI Interrupt Link [LNKD] (IRQs 5 9 10 *11)
[    0.407353] SCSI subsystem initialized
[    0.408088] pci 0000:00:02.0: vgaarb: setting as boot VGA device
[    0.410383] pci 0000:00:02.0: vgaarb: VGA device added: decodes=io+mem,owns=io+mem,locks=none
[    0.412010] pci 0000:00:02.0: vgaarb: bridge control possible
[    0.416003] vgaarb: loaded
[    0.417294] ACPI: bus type USB registered
[    0.418873] usbcore: registered new interface driver usbfs
[    0.420020] usbcore: registered new interface driver hub
[    0.422033] usbcore: registered new device driver usb
[    0.424102] EDAC MC: Ver: 3.0.0
[    0.428076] PCI: Using ACPI for IRQ routing
[    0.430237] NetLabel: Initializing
[    0.431687] NetLabel:  domain hash size = 128
[    0.432003] NetLabel:  protocols = UNLABELED CIPSOv4 CALIPSO
[    0.434165] NetLabel:  unlabeled traffic allowed by default
[    0.436204] clocksource: Switched to clocksource kvm-clock
[    0.470912] VFS: Disk quotas dquot_6.6.0
[    0.472544] VFS: Dquot-cache hash table entries: 512 (order 0, 4096 bytes)
[    0.475113] AppArmor: AppArmor Filesystem Enabled
[    0.476991] pnp: PnP ACPI init
[    0.481180] pnp: PnP ACPI: found 3 devices
[    0.493724] clocksource: acpi_pm: mask: 0xffffff max_cycles: 0xffffff, max_idle_ns: 2085701024 ns
[    0.497196] NET: Registered protocol family 2
[    0.499205] TCP established hash table entries: 8192 (order: 4, 65536 bytes)
[    0.501824] TCP bind hash table entries: 8192 (order: 5, 131072 bytes)
[    0.505401] TCP: Hash tables configured (established 8192 bind 8192)
[    0.507926] UDP hash table entries: 512 (order: 2, 16384 bytes)
[    0.510340] UDP-Lite hash table entries: 512 (order: 2, 16384 bytes)
[    0.512662] NET: Registered protocol family 1
[    0.514487] pci 0000:00:00.0: Limiting direct PCI/PCI transfers
[    0.516677] pci 0000:00:01.0: Activating ISA DMA hang workarounds
[    0.518999] pci 0000:00:02.0: Video device with shadowed ROM at [mem 0x000c0000-0x000dffff]
[    0.522430] Unpacking initramfs...
[    1.213303] Freeing initrd memory: 19200K
[    1.215124] clocksource: tsc: mask: 0xffffffffffffffff max_cycles: 0x2caf511cf0d, max_idle_ns: 440795314252 ns
[    1.218958] platform rtc_cmos: registered platform RTC device (no PNP device found)
[    1.222045] Scanning for low memory corruption every 60 seconds
[    1.225451] Initialise system trusted keyrings
[    1.227177] Key type blacklist registered
[    1.229149] workingset: timestamp_bits=36 max_order=18 bucket_order=0
[    1.234677] zbud: loaded
[    1.237007] squashfs: version 4.0 (2009/01/31) Phillip Lougher
[    1.239501] fuse init (API version 7.26)
[    1.244785] Key type asymmetric registered
[    1.246393] Asymmetric key parser 'x509' registered
[    1.248303] Block layer SCSI generic (bsg) driver version 0.4 loaded (major 246)
[    1.251328] io scheduler noop registered
[    1.252904] io scheduler deadline registered
[    1.254645] io scheduler cfq registered (default)
[    1.256987] ACPI: AC Adapter [AC] (on-line)
[    1.258785] input: Power Button as /devices/LNXSYSTM:00/LNXPWRBN:00/input/input0
[    1.261734] ACPI: Power Button [PWRF]
[    1.263331] input: Sleep Button as /devices/LNXSYSTM:00/LNXSLPBN:00/input/input1
[    1.266227] ACPI: Sleep Button [SLPF]
[    1.268285] Serial: 8250/16550 driver, 32 ports, IRQ sharing enabled
[    1.292113] 00:02: ttyS0 at I/O 0x3f8 (irq = 4, base_baud = 115200) is a 16550A
[    1.301023] Linux agpgart interface v0.103
[    1.308743] loop: module loaded
[    1.311247] scsi host0: ata_piix
[    1.312814] scsi host1: ata_piix
[    1.314216] ata1: PATA max UDMA/33 cmd 0x1f0 ctl 0x3f6 bmdma 0xd000 irq 14
[    1.316694] ata2: PATA max UDMA/33 cmd 0x170 ctl 0x376 bmdma 0xd008 irq 15
[    1.319289] libphy: Fixed MDIO Bus: probed
[    1.320916] tun: Universal TUN/TAP device driver, 1.6
[    1.322980] PPP generic driver version 2.4.2
[    1.324797] ehci_hcd: USB 2.0 'Enhanced' Host Controller (EHCI) Driver
[    1.327172] ehci-pci: EHCI PCI platform driver
[    1.328989] ehci-platform: EHCI generic platform driver
[    1.330979] ohci_hcd: USB 1.1 'Open' Host Controller (OHCI) Driver
[    1.333319] ohci-pci: OHCI PCI platform driver
[    1.334969] ohci-platform: OHCI generic platform driver
[    1.336862] uhci_hcd: USB Universal Host Controller Interface driver
[    1.339128] i8042: PNP: PS/2 Controller [PNP0303:PS2K,PNP0f03:PS2M] at 0x60,0x64 irq 1,12
[    1.342954] serio: i8042 KBD port at 0x60,0x64 irq 1
[    1.344901] serio: i8042 AUX port at 0x60,0x64 irq 12
[    1.347032] mousedev: PS/2 mouse device common for all mice
[    1.349991] input: AT Translated Set 2 keyboard as /devices/platform/i8042/serio0/input/input2
[    1.353721] rtc_cmos rtc_cmos: rtc core: registered rtc_cmos as rtc0
[    1.356142] rtc_cmos rtc_cmos: alarms up to one day, 114 bytes nvram
[    1.358321] i2c /dev entries driver
[    1.359743] device-mapper: uevent: version 1.0.3
[    1.361606] device-mapper: ioctl: 4.37.0-ioctl (2017-09-20) initialised: dm-devel@redhat.com
[    1.364914] ledtrig-cpu: registered to indicate activity on CPUs
[    1.368015] NET: Registered protocol family 10
[    1.374805] Segment Routing with IPv6
[    1.376328] NET: Registered protocol family 17
[    1.378173] Key type dns_resolver registered
[    1.380324] mce: Using 0 MCE banks
[    1.381739] RAS: Correctable Errors collector initialized.
[    1.383799] sched_clock: Marking stable (1380200009, 0)->(1848025572, -467825563)
[    1.387507] registered taskstats version 1
[    1.389262] Loading compiled-in X.509 certificates
[    1.394938] Loaded X.509 cert 'Build time autogenerated kernel key: f0020782f0d3a548186fb3f47aed88387a71e859'
[    1.398648] zswap: loaded using pool lzo/zbud
[    1.405457] Key type big_key registered
[    1.406984] Key type trusted registered
[    1.411184] Key type encrypted registered
[    1.412864] AppArmor: AppArmor sha1 policy hashing enabled
[    1.414899] ima: No TPM chip found, activating TPM-bypass! (rc=-19)
[    1.417322] ima: Allocated hash algorithm: sha1
[    1.419100] evm: HMAC attrs: 0x1
[    1.420998]   Magic number: 8:127:90
[    1.422452]  edac: hash matches
[    1.423866] rtc_cmos rtc_cmos: setting system clock to 2020-02-23 18:05:37 UTC (1582481137)
[    1.427237] BIOS EDD facility v0.16 2004-Jun-25, 0 devices found
[    1.429593] EDD information not available.
[    1.488905] Freeing unused kernel image memory: 2428K
[    1.513893] Write protecting the kernel read-only data: 20480k
[    1.517520] Freeing unused kernel image memory: 2008K
[    1.520054] Freeing unused kernel image memory: 1880K
[    1.560065] x86/mm: Checked W+X mappings: passed, no W+X pages found.
[    1.562506] x86/mm: Checking user space page tables
[    1.601631] x86/mm: Checked W+X mappings: passed, no W+X pages found.
Loading, please wait...
starting version 237
[    1.743942] e1000: Intel(R) PRO/1000 Network Driver - version 7.3.21-k8-NAPI
[    1.746654] e1000: Copyright (c) 1999-2006 Intel Corporation.
[    1.796660] Fusion MPT base driver 3.04.20
[    1.798280] Copyright (c) 1999-2008 LSI Corporation
[    1.814090] AVX2 version of gcm_enc/dec engaged.
[    1.815938] AES CTR mode by8 optimization enabled
[    1.825784] Fusion MPT SPI Host driver 3.04.20
[    1.995053] input: ImExPS/2 Generic Explorer Mouse as /devices/platform/i8042/serio1/input/input4
[    2.295227] e1000 0000:00:03.0 eth0: (PCI:33MHz:32-bit) 02:12:4b:e9:82:8c
[    2.297841] e1000 0000:00:03.0 eth0: Intel(R) PRO/1000 Network Connection
[    2.302650] mptbase: ioc0: Initiating bringup
[    2.402731] ioc0: LSI53C1030 A0: Capabilities={Initiator}
[    2.657924] scsi host2: ioc0: LSI53C1030 A0, FwRev=00000000h, Ports=1, MaxQ=256, IRQ=20
[    2.830378] scsi 2:0:0:0: Direct-Access     VBOX     HARDDISK         1.0  PQ: 0 ANSI: 5
[    2.872321] scsi target2:0:0: Beginning Domain Validation
[    2.883876] scsi target2:0:0: Domain Validation skipping write tests
[    2.890353] scsi target2:0:0: Ending Domain Validation
[    2.897074] scsi target2:0:0: asynchronous
[    2.903807] scsi 2:0:1:0: Direct-Access     VBOX     HARDDISK         1.0  PQ: 0 ANSI: 5
[    3.280651] scsi target2:0:1: Beginning Domain Validation
[    3.284192] random: fast init done
[    3.286914] scsi target2:0:1: Domain Validation skipping write tests
[    3.289175] scsi target2:0:1: Ending Domain Validation
[    3.291554] scsi target2:0:1: asynchronous
[    3.298880] random: systemd-udevd: uninitialized urandom read (16 bytes read)
[    3.299216] sd 2:0:0:0: Attached scsi generic sg0 type 0
[    3.302416] random: systemd-udevd: uninitialized urandom read (16 bytes read)
[    3.304608] sd 2:0:1:0: Attached scsi generic sg1 type 0
[    3.307001] random: systemd-udevd: uninitialized urandom read (16 bytes read)
[    3.312146] sd 2:0:0:0: [sda] 20971520 512-byte logical blocks: (10.7 GB/10.0 GiB)
[    3.315305] sd 2:0:0:0: [sda] Write Protect is off
[    3.316081] sd 2:0:1:0: [sdb] 20480 512-byte logical blocks: (10.5 MB/10.0 MiB)
[    3.320266] sd 2:0:1:0: [sdb] Write Protect is off
[    3.325656] sd 2:0:0:0: [sda] Incomplete mode parameter data
[    3.328073] sd 2:0:0:0: [sda] Assuming drive cache: write through
[    3.330857] sd 2:0:1:0: [sdb] Incomplete mode parameter data
[    3.333199] sd 2:0:1:0: [sdb] Assuming drive cache: write through
[    3.339742]  sda: sda1
[    3.341110] e1000 0000:00:08.0 eth1: (PCI:33MHz:32-bit) 08:00:27:23:b1:0d
[    3.343769] e1000 0000:00:08.0 eth1: Intel(R) PRO/1000 Network Connection
[    3.347145] sd 2:0:0:0: [sda] Attached SCSI disk
[    3.348305] e1000 0000:00:03.0 enp0s3: renamed from eth0
[    3.350634] sd 2:0:1:0: [sdb] Attached SCSI disk
[    3.373217] e1000 0000:00:08.0 enp0s8: renamed from eth1
Begin: Loading essential drivers ... [    5.724040] raid6: sse2x1   gen()  2386 MB/s
[    5.772795] raid6: sse2x1   xor()  1571 MB/s
[    5.820592] raid6: sse2x2   gen()  5315 MB/s
[    5.868352] raid6: sse2x2   xor()  2394 MB/s
[    5.916158] raid6: sse2x4   gen()  5984 MB/s
[    5.964036] raid6: sse2x4   xor()  3465 MB/s
[    6.012719] raid6: avx2x1   gen()  4728 MB/s
[    6.060508] raid6: avx2x1   xor()  2613 MB/s
[    6.108300] raid6: avx2x2   gen()  8885 MB/s
[    6.156092] raid6: avx2x2   xor()  4582 MB/s
[    6.204858] raid6: avx2x4   gen() 12387 MB/s
[    6.252664] raid6: avx2x4   xor()  6812 MB/s
[    6.254363] raid6: using algorithm avx2x4 gen() 12387 MB/s
[    6.256486] raid6: .... xor() 6812 MB/s, rmw enabled
[    6.258435] raid6: using avx2x2 recovery algorithm
[    6.262552] xor: automatically using best checksumming function   avx       
[    6.267318] async_tx: api initialized (async)
done.
Begin: Running /scripts/init-premount ... done.
Begin: Mounting root file system ... Begin: Running /scripts/local-top ... done.
Begin: Running /scripts/local-premount ... [    6.370924] Btrfs loaded, crc32c=crc32c-intel
Scanning for Btrfs filesystems
done.
Warning: fsck not present, so skipping root file system
[    6.417246] EXT4-fs (sda1): mounted filesystem with ordered data mode. Opts: (null)
done.
Begin: Running /scripts/local-bottom ... done.
Begin: Running /scripts/init-bottom ... done.
[    6.646071] ip_tables: (C) 2000-2006 Netfilter Core Team
[    6.660463] systemd[1]: systemd 237 running in system mode. (+PAM +AUDIT +SELINUX +IMA +APPARMOR +SMACK +SYSVINIT +UTMP +LIBCRYPTSETUP +GCRYPT +GNUTLS +ACL +XZ +LZ4 +SECCOMP +BLKID +ELFUTILS +KMOD -IDN2 +IDN -PCRE2 default-hierarchy=hybrid)
[    6.667853] systemd[1]: Detected virtualization oracle.
[    6.669969] systemd[1]: Detected architecture x86-64.

Welcome to [1mUbuntu 18.04.4 LTS[0m!

[    6.682625] systemd[1]: Set hostname to <ubuntu>.
[    6.690686] systemd[1]: Initializing machine ID from random generator.
[    6.693161] systemd[1]: Installed transient /etc/machine-id file.
[    7.034942] systemd[1]: Created slice User and Session Slice.
[[0;32m  OK  [0m] Created slice User and Session Slice.
[    7.039558] systemd[1]: Created slice System Slice.
[[0;32m  OK  [0m] Created slice System Slice.
[    7.043431] systemd[1]: Listening on LVM2 poll daemon socket.
[[0;32m  OK  [0m] Listening on LVM2 poll daemon socket.
[    7.051078] systemd[1]: Listening on Network Service Netlink Socket.
[[0;32m  OK  [0m] Listening on Network Service Netlink Socket.
[[0;32m  OK  [0m] Listening on udev Kernel Socket.
[[0;32m  OK  [0m] Listening on Device-mapper event daemon FIFOs.
[[0;32m  OK  [0m] Reached target System Time Synchronized.
[[0;32m  OK  [0m] Reached target Slices.
[[0;32m  OK  [0m] Listening on Journal Audit Socket.
[[0;32m  OK  [0m] Reached target User and Group Name Lookups.
[[0;32m  OK  [0m] Created slice system-serial\x2dgetty.slice.
[[0;32m  OK  [0m] Listening on Journal Socket.
         Starting Set the console keyboard layout...
         Starting Create list of required st…ce nodes for the current kernel...
         Mounting POSIX Message Queue File System...
[[0;32m  OK  [0m] Listening on /dev/initctl Compatibility Named Pipe.
         Starting Remount Root and Kernel File Systems...
         Starting Uncomplicated firewall...
         Mounting Huge Pages File System...
[[0;32m  OK  [0m] Started Forward Password Requests to Wall Directory Watch.
[[0;32m  OK  [0m] Set up automount Arbitrary Executab…rmats File System Automount Point.
         Starting Load Kernel Modules...
         Mounting Kernel Debug File System...
[[0;32m  OK  [0m] Listening on Journal Socket (/dev/log).
[[0;32m  OK  [0m] Listening on LVM2 metadata daemon socket.
         Starting Monitoring of LVM2 mirrors…ng dmeventd or progress polling...
[[0;32m  OK  [0m] Reached target Swap.
[[0;32m  OK  [0m] Listening on udev Control Socket.
         Starting udev Coldplug all Devices...
[[0;32m  OK  [0m] Listening on Syslog Socket.
         Starting Journal Service...
[    7.178023] EXT4-fs (sda1): re-mounted. Opts: (null)
[[0;32m  OK  [0m] Started Create list of required sta…vice nodes for the current kernel.
[[0;32m  OK  [0m] Mounted POSIX Message Queue File System.
[[0;32m  OK  [0m] Started Remount Root and Kernel File Systems.
[[0;32m  OK  [0m] Started Uncomplicated firewall.
[[0;32m  OK  [0m] Mounted Huge Pages File System.
[[0;32m  OK  [0m] Mounted Kernel Debug File System.
[    7.244377] Loading iSCSI transport class v2.0-870.
         Starting Load/Save Random Seed...
         Starting Create Static Device Nodes in /dev...
[[0;32m  OK  [0m] Started LVM2 metadata daemon.
[    7.286357] iscsi: registered transport (tcp)
[[0;32m  OK  [0m] Started Load/Save Random Seed.
[[0;32m  OK  [0m] Started Create Static Device Nodes in /dev.
         Starting udev Kernel Device Manager...
[[0;32m  OK  [0m] Started udev Coldplug all Devices.
[[0;32m  OK  [0m] Started Journal Service.
         Starting Flush Journal to Persistent Storage...
[[0;32m  OK  [0m] Started udev Kernel Device Manager.
[    7.492978] systemd-journald[400]: Received request to flush runtime journal from PID 1
[    7.497044] iscsi: registered transport (iser)
[[0;32m  OK  [0m] Started Monitoring of LVM2 mirrors,…sing dmeventd or progress polling.
[[0;32m  OK  [0m] Started Load Kernel Modules.
         Mounting FUSE Control File System...
         Starting Apply Kernel Variables...
         Mounting Kernel Configuration File System...
[[0;32m  OK  [0m] Mounted FUSE Control File System.
[[0;32m  OK  [0m] Mounted Kernel Configuration File System.
[[0;32m  OK  [0m] Started Flush Journal to Persistent Storage.
[[0;32m  OK  [0m] Started Apply Kernel Variables.
[[0;32m  OK  [0m] Found device /dev/ttyS0.
[[0;32m  OK  [0m] Listening on Load/Save RF Kill Switch Status /dev/rfkill Watch.
[[0;32m  OK  [0m] Started Set the console keyboard layout.
[[0;32m  OK  [0m] Started Dispatch Password Requests to Console Directory Watch.
[[0;32m  OK  [0m] Reached target Local Encrypted Volumes.
[[0;32m  OK  [0m] Reached target Local File Systems (Pre).
[[0;32m  OK  [0m] Reached target Local File Systems.
         Starting AppArmor initialization...
         Starting Create Volatile Files and Directories...
         Starting Tell Plymouth To Write Out Runtime Data...
         Starting Commit a transient machine-id on disk...
         Starting ebtables ruleset management...
         Starting Set console font and keymap...
[[0;32m  OK  [0m] Started Tell Plymouth To Write Out Runtime Data.
[[0;32m  OK  [0m] Started Set console font and keymap.
[[0;32m  OK  [0m] Started Create Volatile Files and Directories.
         Starting Update UTMP about System Boot/Shutdown...
[[0;32m  OK  [0m] Started Commit a transient machine-id on disk.
[[0;32m  OK  [0m] Started Update UTMP about System Boot/Shutdown.
[[0;32m  OK  [0m] Started ebtables ruleset management.
[[0;32m  OK  [0m] Started AppArmor initialization.
         Starting Initial cloud-init job (pre-networking)...
[   14.351469] cloud-init[591]: Cloud-init v. 19.4-33-gbb4131a2-0ubuntu1~18.04.1 running 'init-local' at Sun, 23 Feb 2020 18:05:49 +0000. Up 13.57 seconds.
[[0;32m  OK  [0m] Started Initial cloud-init job (pre-networking).
[[0;32m  OK  [0m] Reached target Network (Pre).
         Starting Network Service...
[[0;32m  OK  [0m] Started Network Service.
         Starting Wait for Network to be Configured...
         Starting Network Name Resolution...
[[0;32m  OK  [0m] Started Network Name Resolution.
[[0;32m  OK  [0m] Reached target Network.
[[0;32m  OK  [0m] Reached target Host and Network Name Lookups.
[[0;32m  OK  [0m] Started Wait for Network to be Configured.
         Starting Initial cloud-init job (metadata service crawler)...
[   17.301026] cloud-init[706]: Cloud-init v. 19.4-33-gbb4131a2-0ubuntu1~18.04.1 running 'init' at Sun, 23 Feb 2020 18:05:52 +0000. Up 16.91 seconds.
[   17.304168] cloud-init[706]: ci-info: ++++++++++++++++++++++++++++++++++++++Net device info+++++++++++++++++++++++++++++++++++++++
[   17.307029] cloud-init[706]: ci-info: +--------+-------+----------------------------+---------------+--------+-------------------+
[   17.309732] cloud-init[706]: ci-info: | Device |   Up  |          Address           |      Mask     | Scope  |     Hw-Address    |
[   17.312357] cloud-init[706]: ci-info: +--------+-------+----------------------------+---------------+--------+-------------------+
[   17.328353] cloud-init[706]: ci-info: | enp0s3 |  True |         10.0.2.15          | 255.255.255.0 | global | 02:12:4b:e9:82:8c |
[   17.331033] cloud-init[706]: ci-info: | enp0s3 |  True | fe80::12:4bff:fee9:828c/64 |       .       |  link  | 02:12:4b:e9:82:8c |
[   17.338194] cloud-init[706]: ci-info: | enp0s8 | False |             .              |       .       |   .    | 08:00:27:23:b1:0d |
[   17.341269] cloud-init[706]: ci-info: |   lo   |  True |         127.0.0.1          |   255.0.0.0   |  host  |         .         |
[   17.343371] cloud-init[706]: ci-info: |   lo   |  True |          ::1/128           |       .       |  host  |         .         |
[   17.345805] cloud-init[706]: ci-info: +--------+-------+----------------------------+---------------+--------+-------------------+
[   17.348123] cloud-init[706]: ci-info: ++++++++++++++++++++++++++++Route IPv4 info+++++++++++++++++++++++++++++
[   17.350146] cloud-init[706]: ci-info: +-------+-------------+----------+-----------------+-----------+-------+
[   17.352251] cloud-init[706]: ci-info: | Route | Destination | Gateway  |     Genmask     | Interface | Flags |
[   17.354773] cloud-init[706]: ci-info: +-------+-------------+----------+-----------------+-----------+-------+
[   17.357402] cloud-init[706]: ci-info: |   0   |   0.0.0.0   | 10.0.2.2 |     0.0.0.0     |   enp0s3  |   UG  |
[   17.360584] cloud-init[706]: ci-info: |   1   |   10.0.2.0  | 0.0.0.0  |  255.255.255.0  |   enp0s3  |   U   |
[   17.364477] cloud-init[706]: ci-info: |   2   |   10.0.2.2  | 0.0.0.0  | 255.255.255.255 |   enp0s3  |   UH  |
[   17.367990] cloud-init[706]: ci-info: +-------+-------------+----------+-----------------+-----------+-------+
[   17.370452] cloud-init[706]: ci-info: +++++++++++++++++++Route IPv6 info+++++++++++++++++++
[   17.372721] cloud-init[706]: ci-info: +-------+-------------+---------+-----------+-------+
[   17.380387] cloud-init[706]: ci-info: | Route | Destination | Gateway | Interface | Flags |
[   17.382199] cloud-init[706]: ci-info: +-------+-------------+---------+-----------+-------+
[   17.384770] cloud-init[706]: ci-info: |   1   |  fe80::/64  |    ::   |   enp0s3  |   U   |
[   17.386484] cloud-init[706]: ci-info: |   3   |    local    |    ::   |   enp0s3  |   U   |
[   17.388216] cloud-init[706]: ci-info: |   4   |   ff00::/8  |    ::   |   enp0s3  |   U   |
[   17.389890] cloud-init[706]: ci-info: +-------+-------------+---------+-----------+-------+
[   18.544958] cloud-init[706]: Generating public/private rsa key pair.
[   18.546385] cloud-init[706]: Your identification has been saved in /etc/ssh/ssh_host_rsa_key.
[   18.548337] cloud-init[706]: Your public key has been saved in /etc/ssh/ssh_host_rsa_key.pub.
[   18.550212] cloud-init[706]: The key fingerprint is:
[   18.551518] cloud-init[706]: SHA256:t93ccl+43pARjZysb+44yn71Gg3joahbE569WymS3bw root@ubuntu-bionic
[   18.555420] cloud-init[706]: The key's randomart image is:
[   18.556946] cloud-init[706]: +---[RSA 2048]----+
[   18.558121] cloud-init[706]: |                 |
[   18.559174] cloud-init[706]: |             o + |
[   18.560141] cloud-init[706]: |              * .|
[   18.561307] cloud-init[706]: |             . . |
[   18.562270] cloud-init[706]: |        S o . =  |
[   18.563308] cloud-init[706]: |         o X O.@ |
[   18.564393] cloud-init[706]: |          X *.^.=|
[   18.565542] cloud-init[706]: |         + ooB O+|
[   18.566615] cloud-init[706]: |        oo+o+=E.o|
[   18.567637] cloud-init[706]: +----[SHA256]-----+
[   18.568697] cloud-init[706]: Generating public/private dsa key pair.
[   18.570044] cloud-init[706]: Your identification has been saved in /etc/ssh/ssh_host_dsa_key.
[   18.571799] cloud-init[706]: Your public key has been saved in /etc/ssh/ssh_host_dsa_key.pub.
[   18.574001] cloud-init[706]: The key fingerprint is:
[   18.584303] cloud-init[706]: SHA256:AlMamXz1fpDf3Q3IyY0+b8PBKc/qfN8/qSHH5RXMryg root@ubuntu-bionic
[   18.586212] cloud-init[706]: The key's randomart image is:
[   18.587385] cloud-init[706]: +---[DSA 1024]----+
[   18.588409] cloud-init[706]: |   ..o...        |
[   18.589416] cloud-init[706]: |    ++.  . + =o  |
[   18.590431] cloud-init[706]: |    +.    + * o+ |
[   18.591512] cloud-init[706]: |     o   . + o +=|
[   18.592599] cloud-init[706]: |      . S . * =.*|
[   18.594539] cloud-init[706]: |       .   ..Ooo.|
[   18.595525] cloud-init[706]: |          E..+O..|
[   18.612620] cloud-init[706]: |           oooo+.|
[   18.616088] cloud-init[706]: |           .+o..*|
[   18.617274] cloud-init[706]: +----[SHA256]-----+
[   18.618401] cloud-init[706]: Generating public/private ecdsa key pair.
[   18.619804] cloud-init[706]: Your identification has been saved in /etc/ssh/ssh_host_ecdsa_key.
[   18.621921] cloud-init[706]: Your public key has been saved in /etc/ssh/ssh_host_ecdsa_key.pub.
[   18.623920] cloud-init[706]: The key fingerprint is:
[   18.625043] cloud-init[706]: SHA256:NCWu+Yi3FA/DRUyFiPmcjVdJ+wnjLgWbdiMs/meUWNI root@ubuntu-bionic
[   18.626653] cloud-init[706]: The key's randomart image is:
[   18.627833] cloud-init[706]: +---[ECDSA 256]---+
[   18.628951] cloud-init[706]: |     o ++++.     |
[   18.629960] cloud-init[706]: |    o .oooo.     |
[   18.630970] cloud-init[706]: |     o +*o+      |
[   18.631979] cloud-init[706]: |     .=*+*E+ .   |
[   18.633524] cloud-init[706]: |      O.S+=.o    |
[   18.634671] cloud-init[706]: |     o X.=o.     |
[   18.635890] cloud-init[706]: |    . = +..      |
[   18.636987] cloud-init[706]: |     o o .o      |
[   18.637974] cloud-init[706]: |      . .o       |
[   18.639037] cloud-init[706]: +----[SHA256]-----+
[   18.640111] cloud-init[706]: Generating public/private ed25519 key pair.
[   18.641472] cloud-init[706]: Your identification has been saved in /etc/ssh/ssh_host_ed25519_key.
[   18.643166] cloud-init[706]: Your public key has been saved in /etc/ssh/ssh_host_ed25519_key.pub.
[   18.645503] cloud-init[706]: The key fingerprint is:
[   18.646643] cloud-init[706]: SHA256:5V3qzcH//D9TAZgCXdCcie/Mbs9G5AmQ2B+yJVF4mcc root@ubuntu-bionic
[   18.648397] cloud-init[706]: The key's randomart image is:
[   18.649577] cloud-init[706]: +--[ED25519 256]--+
[   18.650839] cloud-init[706]: |       .=o@oO    |
[   18.652001] cloud-init[706]: |       . @ & E   |
[   18.654347] cloud-init[706]: |          % o o  |
[   18.655465] cloud-init[706]: |         + = = . |
[   18.657253] cloud-init[706]: |        S = * + .|
[   18.658293] cloud-init[706]: |           = * o.|
[   18.659430] cloud-init[706]: |          . o o o|
[   18.660521] cloud-init[706]: |           o.. +.|
[   18.661634] cloud-init[706]: |          . oo  X|
[   18.662708] cloud-init[706]: +----[SHA256]-----+
[[0;32m  OK  [0m] Started Initial cloud-init job (metadata service crawler).
[[0;32m  OK  [0m] Reached target Cloud-config availability.
[[0;32m  OK  [0m] Reached target System Initialization.
[[0;32m  OK  [0m] Started Message of the Day.
[[0;32m  OK  [0m] Listening on D-Bus System Message Bus Socket.
[[0;32m  OK  [0m] Started Daily Cleanup of Temporary Directories.
[[0;32m  OK  [0m] Started Daily apt download activities.
[[0;32m  OK  [0m] Started ACPI Events Check.
[[0;32m  OK  [0m] Reached target Paths.
[[0;32m  OK  [0m] Listening on Open-iSCSI iscsid Socket.
[[0;32m  OK  [0m] Started Daily apt upgrade and clean activities.
[[0;32m  OK  [0m] Started Discard unused blocks once a week.
[[0;32m  OK  [0m] Reached target Timers.
         Starting Socket activation for snappy daemon.
         Starting LXD - unix socket.
[[0;32m  OK  [0m] Listening on UUID daemon activation socket.
[[0;32m  OK  [0m] Listening on ACPID Listen Socket.
[[0;32m  OK  [0m] Reached target Network is Online.
         Starting Availability of block devices...
[[0;32m  OK  [0m] Reached target Remote File Systems (Pre).
[[0;32m  OK  [0m] Reached target Remote File Systems.
[[0;32m  OK  [0m] Listening on Socket activation for snappy daemon.
[[0;32m  OK  [0m] Listening on LXD - unix socket.
[[0;32m  OK  [0m] Started Availability of block devices.
[[0;32m  OK  [0m] Reached target Sockets.
[[0;32m  OK  [0m] Reached target Basic System.
         Starting Login Service...
         Starting LSB: automatic crash report generation...
         Starting Accounts Service...
         Starting Virtualbox guest utils...
         Starting Pollinate to seed the pseudo random number generator...
         Starting Dispatcher daemon for systemd-networkd...
[[0;32m  OK  [0m] Started Deferred execution scheduler.
[[0;32m  OK  [0m] Started irqbalance daemon.
         Starting Permit User Sessions...
[[0;32m  OK  [0m] Started Regular background program processing daemon.
[[0;32m  OK  [0m] Started D-Bus System Message Bus.
         Starting System Logging Service...
         Starting LSB: Record successful boot for GRUB...
         Starting LXD - container startup/shutdown...
         Starting Snappy daemon...
[[0;32m  OK  [0m] Started FUSE filesystem for LXC.
[[0;32m  OK  [0m] Started System Logging Service.
[[0;32m  OK  [0m] Started Permit User Sessions.
[[0;32m  OK  [0m] Started Login Service.
         Starting Authorization Manager...
[[0;32m  OK  [0m] Started Unattended Upgrades Shutdown.
         Starting Terminate Plymouth Boot Screen...
         Starting Hold until boot process finishes up...
[[0;32m  OK  [0m] Started Hold until boot process finishes up.
         Starting Set console scheme...
[[0;32m  OK  [0m] Started Serial Getty on ttyS0.
[[0;32m  OK  [0m] Started Terminate Plymouth Boot Screen.
[[0;32m  OK  [0m] Started Authorization Manager.
[[0;32m  OK  [0m] Started Accounts Service.
[[0;32m  OK  [0m] Started LSB: automatic crash report generation.
[[0;32m  OK  [0m] Started Set console scheme.
[[0;32m  OK  [0m] Created slice system-getty.slice.
[[0;32m  OK  [0m] Started Getty on tty1.
[[0;32m  OK  [0m] Reached target Login Prompts.
[[0;32m  OK  [0m] Started Dispatcher daemon for systemd-networkd.
[[0;32m  OK  [0m] Started LSB: Record successful boot for GRUB.
[[0;32m  OK  [0m] Started Virtualbox guest utils.
[[0;32m  OK  [0m] Started LXD - container startup/shutdown.
[[0;32m  OK  [0m] Started Pollinate to seed the pseudo random number generator.
         Starting OpenBSD Secure Shell server...
[[0;32m  OK  [0m] Started Snappy daemon.
         Starting Wait until snapd is fully seeded...
[[0;32m  OK  [0m] Started OpenBSD Secure Shell server.
[[0;32m  OK  [0m] Created slice User Slice of vagrant.
         Starting User Manager for UID 1000...
[[0;32m  OK  [0m] Started Session 1 of user vagrant.
[[0;32m  OK  [0m] Started User Manager for UID 1000.

Ubuntu 18.04.4 LTS ubuntu-bionic ttyS0

ubuntu-bionic login: [   28.143711] cloud-init[1441]: Cloud-init v. 19.4-33-gbb4131a2-0ubuntu1~18.04.1 running 'modules:config' at Sun, 23 Feb 2020 18:06:03 +0000. Up 27.30 seconds.
ci-info: no authorized SSH keys fingerprints found for user ubuntu.
<14>Feb 23 18:06:05 ec2: 
<14>Feb 23 18:06:05 ec2: #############################################################
<14>Feb 23 18:06:05 ec2: -----BEGIN SSH HOST KEY FINGERPRINTS-----
<14>Feb 23 18:06:05 ec2: 1024 SHA256:AlMamXz1fpDf3Q3IyY0+b8PBKc/qfN8/qSHH5RXMryg root@ubuntu-bionic (DSA)
<14>Feb 23 18:06:05 ec2: 256 SHA256:NCWu+Yi3FA/DRUyFiPmcjVdJ+wnjLgWbdiMs/meUWNI root@ubuntu-bionic (ECDSA)
<14>Feb 23 18:06:05 ec2: 256 SHA256:5V3qzcH//D9TAZgCXdCcie/Mbs9G5AmQ2B+yJVF4mcc root@ubuntu-bionic (ED25519)
<14>Feb 23 18:06:05 ec2: 2048 SHA256:t93ccl+43pARjZysb+44yn71Gg3joahbE569WymS3bw root@ubuntu-bionic (RSA)
<14>Feb 23 18:06:05 ec2: -----END SSH HOST KEY FINGERPRINTS-----
<14>Feb 23 18:06:05 ec2: #############################################################
-----BEGIN SSH HOST KEY KEYS-----
ecdsa-sha2-nistp256 AAAAE2VjZHNhLXNoYTItbmlzdHAyNTYAAAAIbmlzdHAyNTYAAABBBPQfPXslWkegsp1L9JZwtRUYd3YSSnvvBprXPQgE/rFX6++UyfDm99hJPK+UWCBlAwS/8dLVj88IM1tkJF4Ht5s= root@ubuntu-bionic
ssh-ed25519 AAAAC3NzaC1lZDI1NTE5AAAAINyPmu/MOzpGMVPdVwpyHRQRcxC/i2p2ET8GN0XOtkjA root@ubuntu-bionic
ssh-rsa AAAAB3NzaC1yc2EAAAADAQABAAABAQDkAOeO7s/d1ahPqAuN10LUiKDQI9uOiXV/ch1pMEU2NRoH0Tki3Md/TOg3t86hzZMykMd1RdDvycGrz0SI4/kEy9Z7XcLufDKJvWKEPyvG0rnj+GMy3fR449r5pg0SDRFJ45b6qQcEF4wetU/YQsu/NtrmbdQhLKSxvjO45p5HBuGb5scFSAmiHjUbaPAP999X297yU7oltWnFdGRC3BLGBegkEfVOtfI1u05Ln+UK0KvdJGkUa10u+Pja5+UIrzNb/HvAhNVDZr2552H0UAIjYIYiSi3bIRY4zJhQg49WvBv4MzguRm7vYtfCCLVjGC6ddCRVT6/sHVachmn+8XMZ root@ubuntu-bionic
-----END SSH HOST KEY KEYS-----
[   29.556868] cloud-init[1614]: Cloud-init v. 19.4-33-gbb4131a2-0ubuntu1~18.04.1 running 'modules:final' at Sun, 23 Feb 2020 18:06:05 +0000. Up 29.25 seconds.
[   29.557082] cloud-init[1614]: ci-info: no authorized SSH keys fingerprints found for user ubuntu.
[   29.557263] cloud-init[1614]: Cloud-init v. 19.4-33-gbb4131a2-0ubuntu1~18.04.1 finished at Sun, 23 Feb 2020 18:06:05 +0000. Datasource DataSourceNoCloud [seed=/dev/sdb][dsmode=net].  Up 29.54 seconds
